demo_lib/build/outputs/logs/manifest-merger-debug-report.txt
-- Merging decision tree log ---
manifest
ADDED from Jack\demo_lib\AndroidManifest.xml:2:1-75:12
	package
		ADDED from Jack\demo_lib\AndroidManifest.xml:3:5-37
		INJECTED from Jack\demo_lib\AndroidManifest.xml
		INJECTED from Jack\demo_lib\AndroidManifest.xml
	android:versionName
		ADDED from Jack\demo_lib\AndroidManifest.xml:5:5-30
		INJECTED from Jack\demo_lib\AndroidManifest.xml
		INJECTED from Jack\demo_lib\AndroidManifest.xml
	android:versionCode
		ADDED from Jack\demo_lib\AndroidManifest.xml:4:5-28
		INJECTED from Jack\demo_lib\AndroidManifest.xml
		INJECTED from Jack\demo_lib\AndroidManifest.xml
	xmlns:android
		ADDED from Jack\demo_lib\AndroidManifest.xml:2:11-69
uses-permission#android.permission.INTERNET
ADDED from Jack\demo_lib\AndroidManifest.xml:8:5-67
	android:name
		ADDED from Jack\demo_lib\AndroidManifest.xml:8:22-64
uses-permission#android.permission.READ_PHONE_STATE
ADDED from Jack\demo_lib\AndroidManifest.xml:9:5-75
	android:name
		ADDED from Jack\demo_lib\AndroidManifest.xml:9:22-72
uses-permission#android.permission.ACCESS_NETWORK_STATE
ADDED from Jack\demo_lib\AndroidManifest.xml:10:5-79
	android:name
		ADDED from Jack\demo_lib\AndroidManifest.xml:10:22-76
uses-permission#android.permission.ACCESS_WIFI_STATE
ADDED from Jack\demo_lib\AndroidManifest.xml:11:5-76
	android:name
		ADDED from Jack\demo_lib\AndroidManifest.xml:11:22-73
uses-permission#android.permission.WRITE_EXTERNAL_STORAGE
ADDED from Jack\demo_lib\AndroidManifest.xml:13:5-81
	android:name
		ADDED from Jack\demo_lib\AndroidManifest.xml:13:22-78
uses-permission#android.permission.MOUNT_UNMOUNT_FILESYSTEMS
ADDED from Jack\demo_lib\AndroidManifest.xml:14:5-84
	android:name
		ADDED from Jack\demo_lib\AndroidManifest.xml:14:22-81
uses-permission#android.permission.WAKE_LOCK
ADDED from Jack\demo_lib\AndroidManifest.xml:15:5-68
	android:name
		ADDED from Jack\demo_lib\AndroidManifest.xml:15:22-65
uses-permission#android.permission.CHANGE_NETWORK_STATE
ADDED from Jack\demo_lib\AndroidManifest.xml:16:5-79
	android:name
		ADDED from Jack\demo_lib\AndroidManifest.xml:16:22-76
uses-permission#android.permission.CHANGE_WIFI_STATE
ADDED from Jack\demo_lib\AndroidManifest.xml:17:5-76
	android:name
		ADDED from Jack\demo_lib\AndroidManifest.xml:17:22-73
uses-permission#android.permission.ACCESS_COARSE_LOCATION
ADDED from Jack\demo_lib\AndroidManifest.xml:19:5-81
	android:name
		ADDED from Jack\demo_lib\AndroidManifest.xml:19:22-78
uses-permission#android.permission.INTERACT_ACROSS_USERS_FULL
ADDED from Jack\demo_lib\AndroidManifest.xml:20:5-85
	android:name
		ADDED from Jack\demo_lib\AndroidManifest.xml:20:22-82
uses-permission#android.permission.READ_EXTERNAL_STORAGE
ADDED from Jack\demo_lib\AndroidManifest.xml:21:5-80
	android:name
		ADDED from Jack\demo_lib\AndroidManifest.xml:21:22-77
uses-permission#android.webkit.permission.PLUGIN
ADDED from Jack\demo_lib\AndroidManifest.xml:22:5-72
	android:name
		ADDED from Jack\demo_lib\AndroidManifest.xml:22:22-69
uses-sdk
ADDED from Jack\demo_lib\AndroidManifest.xml:24:5-26:41
MERGED from [com.android.support:multidex:1.0.1] AndroidManifest.xml:18:5-42
MERGED from [Jack:FanWei_SDK_lib:unspecified] AndroidManifest.xml:7:5-9:41
	android:targetSdkVersion
		ADDED from Jack\demo_lib\AndroidManifest.xml:26:9-38
		INJECTED from Jack\demo_lib\AndroidManifest.xml
		INJECTED from Jack\demo_lib\AndroidManifest.xml
	android:minSdkVersion
		ADDED from Jack\demo_lib\AndroidManifest.xml:25:9-35
		INJECTED from Jack\demo_lib\AndroidManifest.xml
		INJECTED from Jack\demo_lib\AndroidManifest.xml
application
ADDED from Jack\demo_lib\AndroidManifest.xml:29:5-73:19
	android:label
		ADDED from Jack\demo_lib\AndroidManifest.xml:31:9-41
	android:icon
		ADDED from Jack\demo_lib\AndroidManifest.xml:30:9-49
	android:theme
		ADDED from Jack\demo_lib\AndroidManifest.xml:32:9-40
activity#com.fanwei.sdk.example.MainActivity
ADDED from Jack\demo_lib\AndroidManifest.xml:33:9-42:20
	android:screenOrientation
		ADDED from Jack\demo_lib\AndroidManifest.xml:36:13-49
	android:label
		ADDED from Jack\demo_lib\AndroidManifest.xml:35:13-45
	android:name
		ADDED from Jack\demo_lib\AndroidManifest.xml:34:13-63
intent-filter#android.intent.action.MAIN+android.intent.category.LAUNCHER
ADDED from Jack\demo_lib\AndroidManifest.xml:37:13-41:29
action#android.intent.action.MAIN
ADDED from Jack\demo_lib\AndroidManifest.xml:38:17-69
	android:name
		ADDED from Jack\demo_lib\AndroidManifest.xml:38:25-66
category#android.intent.category.LAUNCHER
ADDED from Jack\demo_lib\AndroidManifest.xml:40:17-77
	android:name
		ADDED from Jack\demo_lib\AndroidManifest.xml:40:27-74
activity#com.fanwei.sdk.activity.PayActivity
ADDED from Jack\demo_lib\AndroidManifest.xml:43:9-48:20
	android:launchMode
		ADDED from Jack\demo_lib\AndroidManifest.xml:46:13-44
	android:exported
		ADDED from Jack\demo_lib\AndroidManifest.xml:47:13-36
	android:configChanges
		ADDED from Jack\demo_lib\AndroidManifest.xml:45:13-63
	android:name
		ADDED from Jack\demo_lib\AndroidManifest.xml:44:13-63
activity#com.fanwei.sdk.activity.WapPayActivity
ADDED from Jack\demo_lib\AndroidManifest.xml:49:9-52:20
	android:theme
		ADDED from Jack\demo_lib\AndroidManifest.xml:51:13-60
	android:name
		ADDED from Jack\demo_lib\AndroidManifest.xml:50:13-66
activity#com.fanwei.sdk.activity.PayFailureActivity
ADDED from Jack\demo_lib\AndroidManifest.xml:53:9-56:20
	android:configChanges
		ADDED from Jack\demo_lib\AndroidManifest.xml:55:13-48
	android:name
		ADDED from Jack\demo_lib\AndroidManifest.xml:54:13-70
activity#com.alipay.sdk.app.H5PayActivity
ADDED from Jack\demo_lib\AndroidManifest.xml:59:9-65:20
	android:screenOrientation
		ADDED from Jack\demo_lib\AndroidManifest.xml:63:13-47
	android:exported
		ADDED from Jack\demo_lib\AndroidManifest.xml:62:13-37
	android:windowSoftInputMode
		ADDED from Jack\demo_lib\AndroidManifest.xml:64:13-67
	android:configChanges
		ADDED from Jack\demo_lib\AndroidManifest.xml:61:13-74
	android:name
		ADDED from Jack\demo_lib\AndroidManifest.xml:60:13-60
activity#com.heepay.plugin.activity.WeChatNotityActivity
ADDED from Jack\demo_lib\AndroidManifest.xml:68:11-72:75
	android:screenOrientation
		ADDED from Jack\demo_lib\AndroidManifest.xml:71:13-47
	android:configChanges
		ADDED from Jack\demo_lib\AndroidManifest.xml:70:13-74
	android:theme
		ADDED from Jack\demo_lib\AndroidManifest.xml:72:13-72
	android:name
		ADDED from Jack\demo_lib\AndroidManifest.xml:69:13-75